c:\users\solo\desktop\antimatter project\antimatter-engine 21 march\antimatter-core\debug\irrklang.net4.dll
c:\users\solo\desktop\antimatter project\antimatter-engine 21 march\antimatter-core\antimattercore\debug\glaxioncore.resource.resources
c:\users\solo\desktop\antimatter project\antimatter-engine 21 march\antimatter-core\antimattercore\debug\antimatter.pch
c:\users\solo\desktop\antimatter project\antimatter-engine 21 march\antimatter-core\antimattercore\debug\vc141.pdb
c:\users\solo\desktop\antimatter project\antimatter-engine 21 march\antimatter-core\antimattercore\debug\stdafx.obj
c:\users\solo\desktop\antimatter project\antimatter-engine 21 march\antimatter-core\antimattercore\debug\glaxrenderershader.obj
c:\users\solo\desktop\antimatter project\antimatter-engine 21 march\antimatter-core\antimattercore\debug\physicssolver3d.obj
c:\users\solo\desktop\antimatter project\antimatter-engine 21 march\antimatter-core\antimattercore\debug\engine.obj
c:\users\solo\desktop\antimatter project\antimatter-engine 21 march\antimatter-core\antimattercore\debug\glaxrender2d.obj
c:\users\solo\desktop\antimatter project\antimatter-engine 21 march\antimatter-core\antimattercore\debug\physicssolver2d.obj
c:\users\solo\desktop\antimatter project\antimatter-engine 21 march\antimatter-core\antimattercore\debug\deferedshader.obj
c:\users\solo\desktop\antimatter project\antimatter-engine 21 march\antimatter-core\antimattercore\debug\glaxwindow.obj
c:\users\solo\desktop\antimatter project\antimatter-engine 21 march\antimatter-core\antimattercore\debug\manifold2d.obj
c:\users\solo\desktop\antimatter project\antimatter-engine 21 march\antimatter-core\antimattercore\debug\contact.obj
c:\users\solo\desktop\antimatter project\antimatter-engine 21 march\antimatter-core\antimattercore\debug\core.obj
c:\users\solo\desktop\antimatter project\antimatter-engine 21 march\antimatter-core\antimattercore\debug\physics.obj
c:\users\solo\desktop\antimatter project\antimatter-engine 21 march\antimatter-core\antimattercore\debug\framebuffer.obj
c:\users\solo\desktop\antimatter project\antimatter-engine 21 march\antimatter-core\antimattercore\debug\physics2d.obj
c:\users\solo\desktop\antimatter project\antimatter-engine 21 march\antimatter-core\antimattercore\debug\gimage.obj
c:\users\solo\desktop\antimatter project\antimatter-engine 21 march\antimatter-core\antimattercore\debug\mouseshooter.obj
c:\users\solo\desktop\antimatter project\antimatter-engine 21 march\antimatter-core\antimattercore\debug\component.obj
c:\users\solo\desktop\antimatter project\antimatter-engine 21 march\antimatter-core\antimattercore\debug\glaxtransform.obj
c:\users\solo\desktop\antimatter project\antimatter-engine 21 march\antimatter-core\antimattercore\debug\mouse.obj
c:\users\solo\desktop\antimatter project\antimatter-engine 21 march\antimatter-core\antimattercore\debug\fontshader.obj
c:\users\solo\desktop\antimatter project\antimatter-engine 21 march\antimatter-core\antimattercore\debug\xfileloader.obj
c:\users\solo\desktop\antimatter project\antimatter-engine 21 march\antimatter-core\antimattercore\debug\manifold.obj
c:\users\solo\desktop\antimatter project\antimatter-engine 21 march\antimatter-core\antimattercore\debug\glaxrenderer.obj
c:\users\solo\desktop\antimatter project\antimatter-engine 21 march\antimatter-core\antimattercore\debug\glaxcore.obj
c:\users\solo\desktop\antimatter project\antimatter-engine 21 march\antimatter-core\antimattercore\debug\main.obj
c:\users\solo\desktop\antimatter project\antimatter-engine 21 march\antimatter-core\antimattercore\debug\contactpair.obj
c:\users\solo\desktop\antimatter project\antimatter-engine 21 march\antimatter-core\antimattercore\debug\contactpoint.obj
c:\users\solo\desktop\antimatter project\antimatter-engine 21 march\antimatter-core\antimattercore\debug\assemblyinfo.obj
c:\users\solo\desktop\antimatter project\antimatter-engine 21 march\antimatter-core\antimattercore\debug\glaxshader.obj
c:\users\solo\desktop\antimatter project\antimatter-engine 21 march\antimatter-core\antimattercore\debug\physicsscene2d.obj
c:\users\solo\desktop\antimatter project\antimatter-engine 21 march\antimatter-core\antimattercore\debug\.netframework,version=v4.5.2.assemblyattributes.obj
c:\users\solo\desktop\antimatter project\antimatter-engine 21 march\antimatter-core\antimattercore\debug\.netframework,version=v4.5.2.assemblyattributes.asm
c:\users\solo\desktop\antimatter project\antimatter-engine 21 march\antimatter-core\debug\antimatter.exe
c:\users\solo\desktop\antimatter project\antimatter-engine 21 march\antimatter-core\debug\antimatter.pdb
c:\users\solo\desktop\antimatter project\antimatter-engine 21 march\antimatter-core\antimattercore\debug\antimatter.tlog\metagen.write.1.tlog
c:\users\solo\desktop\antimatter project\antimatter-engine 21 march\antimatter-core\antimattercore\debug\app.res
c:\users\solo\desktop\antimatter project\antimatter-engine 21 march\antimatter-core\antimattercore\debug\antimattercore.vcxproj.generateresource.cache
c:\users\solo\desktop\antimatter project\antimatter-engine 21 march\antimatter-core\antimattercore\debug\antimattercore.vcxprojresolveassemblyreference.cache
c:\users\solo\desktop\antimatter project\antimatter-engine 21 march\antimatter-core\antimattercore\debug\antimatter.tlog\antimatter.write.1u.tlog
c:\users\solo\desktop\antimatter project\antimatter-engine 21 march\antimatter-core\antimattercore\debug\antimatter.tlog\cl.command.1.tlog
c:\users\solo\desktop\antimatter project\antimatter-engine 21 march\antimatter-core\antimattercore\debug\antimatter.tlog\cl.read.1.tlog
c:\users\solo\desktop\antimatter project\antimatter-engine 21 march\antimatter-core\antimattercore\debug\antimatter.tlog\cl.write.1.tlog
c:\users\solo\desktop\antimatter project\antimatter-engine 21 march\antimatter-core\antimattercore\debug\antimatter.tlog\link.command.1.tlog
c:\users\solo\desktop\antimatter project\antimatter-engine 21 march\antimatter-core\antimattercore\debug\antimatter.tlog\link.read.1.tlog
c:\users\solo\desktop\antimatter project\antimatter-engine 21 march\antimatter-core\antimattercore\debug\antimatter.tlog\link.write.1.tlog
c:\users\solo\desktop\antimatter project\antimatter-engine 21 march\antimatter-core\antimattercore\debug\antimatter.tlog\metagen.read.1.tlog
c:\users\solo\desktop\antimatter project\antimatter-engine 21 march\antimatter-core\antimattercore\debug\antimatter.tlog\rc.command.1.tlog
c:\users\solo\desktop\antimatter project\antimatter-engine 21 march\antimatter-core\antimattercore\debug\antimatter.tlog\rc.read.1.tlog
c:\users\solo\desktop\antimatter project\antimatter-engine 21 march\antimatter-core\antimattercore\debug\antimatter.tlog\rc.write.1.tlog
c:\users\solo\desktop\antimatter project\antimatter-engine 21 march\antimatter-core\antimattercore\debug\antimatter.tlog\irrklang.net4.dll.metagen
c:\users\solo\desktop\antimatter project\antimatter-engine 21 march\antimatter-core\antimattercore\debug\antimatter.tlog\tzres.dll.bi
